1577739920101	mozrunner::runner	INFO	Running command: "/usr/bin/firefox" "-marionette" "-foreground" "-no-remote" "-profile" "/tmp/rust_mozprofileF8zihe"
1577739920609	addons.webextension.screenshots@mozilla.org	WARN	Loading extension 'screenshots@mozilla.org': Reading manifest: Invalid extension permission: mozillaAddons
1577739920609	addons.webextension.screenshots@mozilla.org	WARN	Loading extension 'screenshots@mozilla.org': Reading manifest: Invalid extension permission: telemetry
1577739920610	addons.webextension.screenshots@mozilla.org	WARN	Loading extension 'screenshots@mozilla.org': Reading manifest: Invalid extension permission: resource://pdf.js/
1577739920610	addons.webextension.screenshots@mozilla.org	WARN	Loading extension 'screenshots@mozilla.org': Reading manifest: Invalid extension permission: about:reader*
1577739922235	Marionette	INFO	Listening on port 33251
1577739922338	Marionette	WARN	TLS certificate errors will be ignored for this session
1577739935518	Marionette	INFO	Stopped listening on port 33251
1577739981826	mozrunner::runner	INFO	Running command: "/usr/bin/firefox" "-marionette" "-foreground" "-no-remote" "-profile" "/tmp/rust_mozprofile7fnWBI"
1577739982314	addons.webextension.screenshots@mozilla.org	WARN	Loading extension 'screenshots@mozilla.org': Reading manifest: Invalid extension permission: mozillaAddons
1577739982314	addons.webextension.screenshots@mozilla.org	WARN	Loading extension 'screenshots@mozilla.org': Reading manifest: Invalid extension permission: telemetry
1577739982314	addons.webextension.screenshots@mozilla.org	WARN	Loading extension 'screenshots@mozilla.org': Reading manifest: Invalid extension permission: resource://pdf.js/
1577739982314	addons.webextension.screenshots@mozilla.org	WARN	Loading extension 'screenshots@mozilla.org': Reading manifest: Invalid extension permission: about:reader*
1577739984017	Marionette	INFO	Listening on port 37759
1577739984033	Marionette	WARN	TLS certificate errors will be ignored for this session
[Parent 8005, Gecko_IOThread] WARNING: pipe error (91): Connection reset by peer: file /build/firefox-kECWsf/firefox-71.0+build5/ipc/chromium/src/chrome/common/ipc_channel_posix.cc, line 358
1577740045057	Marionette	INFO	Stopped listening on port 37759
1577740117106	mozrunner::runner	INFO	Running command: "/usr/bin/firefox" "-marionette" "-foreground" "-no-remote" "-profile" "/tmp/rust_mozprofile6616Ao"
1577740117575	addons.webextension.screenshots@mozilla.org	WARN	Loading extension 'screenshots@mozilla.org': Reading manifest: Invalid extension permission: mozillaAddons
1577740117575	addons.webextension.screenshots@mozilla.org	WARN	Loading extension 'screenshots@mozilla.org': Reading manifest: Invalid extension permission: telemetry
1577740117575	addons.webextension.screenshots@mozilla.org	WARN	Loading extension 'screenshots@mozilla.org': Reading manifest: Invalid extension permission: resource://pdf.js/
1577740117575	addons.webextension.screenshots@mozilla.org	WARN	Loading extension 'screenshots@mozilla.org': Reading manifest: Invalid extension permission: about:reader*
1577740119208	Marionette	INFO	Listening on port 35213
1577740119220	Marionette	WARN	TLS certificate errors will be ignored for this session
1577740133443	mozrunner::runner	INFO	Running command: "/usr/bin/firefox" "-marionette" "-foreground" "-no-remote" "-profile" "/tmp/rust_mozprofile0iTlvZ"
1577740133957	addons.webextension.screenshots@mozilla.org	WARN	Loading extension 'screenshots@mozilla.org': Reading manifest: Invalid extension permission: mozillaAddons
1577740133957	addons.webextension.screenshots@mozilla.org	WARN	Loading extension 'screenshots@mozilla.org': Reading manifest: Invalid extension permission: telemetry
1577740133957	addons.webextension.screenshots@mozilla.org	WARN	Loading extension 'screenshots@mozilla.org': Reading manifest: Invalid extension permission: resource://pdf.js/
1577740133958	addons.webextension.screenshots@mozilla.org	WARN	Loading extension 'screenshots@mozilla.org': Reading manifest: Invalid extension permission: about:reader*
1577740135707	Marionette	INFO	Listening on port 41951
1577740135784	Marionette	WARN	TLS certificate errors will be ignored for this session
1577740149282	Marionette	INFO	Stopped listening on port 41951
[Parent 8354, Gecko_IOThread] WARNING: pipe error (77): Connection reset by peer: file /build/firefox-kECWsf/firefox-71.0+build5/ipc/chromium/src/chrome/common/ipc_channel_posix.cc, line 358
[Parent 8354, Gecko_IOThread] WARNING: pipe error (85): Connection reset by peer: file /build/firefox-kECWsf/firefox-71.0+build5/ipc/chromium/src/chrome/common/ipc_channel_posix.cc, line 358
1577740170667	Marionette	INFO	Stopped listening on port 35213
1577740197058	mozrunner::runner	INFO	Running command: "/usr/bin/firefox" "-marionette" "-foreground" "-no-remote" "-profile" "/tmp/rust_mozprofilequ0Rj0"
1577740197561	addons.webextension.screenshots@mozilla.org	WARN	Loading extension 'screenshots@mozilla.org': Reading manifest: Invalid extension permission: mozillaAddons
1577740197562	addons.webextension.screenshots@mozilla.org	WARN	Loading extension 'screenshots@mozilla.org': Reading manifest: Invalid extension permission: telemetry
1577740197562	addons.webextension.screenshots@mozilla.org	WARN	Loading extension 'screenshots@mozilla.org': Reading manifest: Invalid extension permission: resource://pdf.js/
1577740197562	addons.webextension.screenshots@mozilla.org	WARN	Loading extension 'screenshots@mozilla.org': Reading manifest: Invalid extension permission: about:reader*
1577740199188	Marionette	INFO	Listening on port 37187
1577740199264	Marionette	WARN	TLS certificate errors will be ignored for this session
1577740212947	mozrunner::runner	INFO	Running command: "/usr/bin/firefox" "-marionette" "-foreground" "-no-remote" "-profile" "/tmp/rust_mozprofileCMn15j"
1577740213468	addons.webextension.screenshots@mozilla.org	WARN	Loading extension 'screenshots@mozilla.org': Reading manifest: Invalid extension permission: mozillaAddons
1577740213468	addons.webextension.screenshots@mozilla.org	WARN	Loading extension 'screenshots@mozilla.org': Reading manifest: Invalid extension permission: telemetry
1577740213468	addons.webextension.screenshots@mozilla.org	WARN	Loading extension 'screenshots@mozilla.org': Reading manifest: Invalid extension permission: resource://pdf.js/
1577740213468	addons.webextension.screenshots@mozilla.org	WARN	Loading extension 'screenshots@mozilla.org': Reading manifest: Invalid extension permission: about:reader*
1577740214863	Marionette	INFO	Listening on port 33439
1577740215011	Marionette	WARN	TLS certificate errors will be ignored for this session
1577740220115	Marionette	INFO	Stopped listening on port 33439
1577740221467	Marionette	INFO	Stopped listening on port 37187
1577740274053	mozrunner::runner	INFO	Running command: "/usr/bin/firefox" "-marionette" "-foreground" "-no-remote" "-profile" "/tmp/rust_mozprofileikJ8oC"
1577740274553	addons.webextension.screenshots@mozilla.org	WARN	Loading extension 'screenshots@mozilla.org': Reading manifest: Invalid extension permission: mozillaAddons
1577740274553	addons.webextension.screenshots@mozilla.org	WARN	Loading extension 'screenshots@mozilla.org': Reading manifest: Invalid extension permission: telemetry
1577740274553	addons.webextension.screenshots@mozilla.org	WARN	Loading extension 'screenshots@mozilla.org': Reading manifest: Invalid extension permission: resource://pdf.js/
1577740274553	addons.webextension.screenshots@mozilla.org	WARN	Loading extension 'screenshots@mozilla.org': Reading manifest: Invalid extension permission: about:reader*
1577740276240	Marionette	INFO	Listening on port 33935
1577740276291	Marionette	WARN	TLS certificate errors will be ignored for this session
1577740314398	Marionette	INFO	Stopped listening on port 33935
1577740576227	mozrunner::runner	INFO	Running command: "/usr/bin/firefox" "-marionette" "-foreground" "-no-remote" "-profile" "/tmp/rust_mozprofileuOVoqZ"
1577740576734	addons.webextension.screenshots@mozilla.org	WARN	Loading extension 'screenshots@mozilla.org': Reading manifest: Invalid extension permission: mozillaAddons
1577740576734	addons.webextension.screenshots@mozilla.org	WARN	Loading extension 'screenshots@mozilla.org': Reading manifest: Invalid extension permission: telemetry
1577740576734	addons.webextension.screenshots@mozilla.org	WARN	Loading extension 'screenshots@mozilla.org': Reading manifest: Invalid extension permission: resource://pdf.js/
1577740576735	addons.webextension.screenshots@mozilla.org	WARN	Loading extension 'screenshots@mozilla.org': Reading manifest: Invalid extension permission: about:reader*
1577740578362	Marionette	INFO	Listening on port 44747
1577740578435	Marionette	WARN	TLS certificate errors will be ignored for this session
1577740616305	mozrunner::runner	INFO	Running command: "/usr/bin/firefox" "-marionette" "-foreground" "-no-remote" "-profile" "/tmp/rust_mozprofile2QVXGv"
1577740616667	addons.webextension.screenshots@mozilla.org	WARN	Loading extension 'screenshots@mozilla.org': Reading manifest: Invalid extension permission: mozillaAddons
1577740616668	addons.webextension.screenshots@mozilla.org	WARN	Loading extension 'screenshots@mozilla.org': Reading manifest: Invalid extension permission: telemetry
1577740616668	addons.webextension.screenshots@mozilla.org	WARN	Loading extension 'screenshots@mozilla.org': Reading manifest: Invalid extension permission: resource://pdf.js/
1577740616668	addons.webextension.screenshots@mozilla.org	WARN	Loading extension 'screenshots@mozilla.org': Reading manifest: Invalid extension permission: about:reader*
1577740618286	Marionette	INFO	Listening on port 46527
1577740618313	Marionette	WARN	TLS certificate errors will be ignored for this session
1577740644730	mozrunner::runner	INFO	Running command: "/usr/bin/firefox" "-marionette" "-foreground" "-no-remote" "-profile" "/tmp/rust_mozprofile2xmeYi"
1577740645097	addons.webextension.screenshots@mozilla.org	WARN	Loading extension 'screenshots@mozilla.org': Reading manifest: Invalid extension permission: mozillaAddons
1577740645097	addons.webextension.screenshots@mozilla.org	WARN	Loading extension 'screenshots@mozilla.org': Reading manifest: Invalid extension permission: telemetry
1577740645097	addons.webextension.screenshots@mozilla.org	WARN	Loading extension 'screenshots@mozilla.org': Reading manifest: Invalid extension permission: resource://pdf.js/
1577740645098	addons.webextension.screenshots@mozilla.org	WARN	Loading extension 'screenshots@mozilla.org': Reading manifest: Invalid extension permission: about:reader*
JavaScript error: http://results.ulmidnightmayhem.com/assets/jquery/jquery-1.11.2.min.js, line 2: NS_ERROR_NOT_INITIALIZED: 
[Child 10167, Chrome_ChildThread] WARNING: pipe error: Broken pipe: file /build/firefox-kECWsf/firefox-71.0+build5/ipc/chromium/src/chrome/common/ipc_channel_posix.cc, line 728
[Child 10167, Chrome_ChildThread] WARNING: pipe error: Broken pipe: file /build/firefox-kECWsf/firefox-71.0+build5/ipc/chromium/src/chrome/common/ipc_channel_posix.cc, line 728
[Child 10167, Chrome_ChildThread] WARNING: pipe error: Broken pipe: file /build/firefox-kECWsf/firefox-71.0+build5/ipc/chromium/src/chrome/common/ipc_channel_posix.cc, line 728
1577740646435	Marionette	INFO	Stopped listening on port 46527
1577740646803	Marionette	INFO	Listening on port 35493
1577740646883	Marionette	WARN	TLS certificate errors will be ignored for this session
SourceActor threw an exception: [Exception... "Failed to open input source 'javascript:__doPostBack('ctl00$MainContent$ButtonLookupEvent','')'"  nsresult: "0x80040111 (NS_ERROR_NOT_AVAILABLE)"  location: "JS frame :: resource://devtools/shared/DevToolsUtils.js :: mainThreadFetch/< :: line 680"  data: yes]
Stack: mainThreadFetch/<@resource://devtools/shared/DevToolsUtils.js:680:15
mainThreadFetch@resource://devtools/shared/DevToolsUtils.js:530:10
_fetchURLContents@resource://devtools/server/actors/utils/TabSources.js:581:22
urlContents@resource://devtools/server/actors/utils/TabSources.js:548:17
_resurrectSource@resource://devtools/server/actors/thread.js:2071:69
addAllSources@resource://devtools/server/actors/thread.js:1393:14
onSources@resource://devtools/server/actors/thread.js:1399:10
onPacket@resource://devtools/server/debugger-server-connection.js:378:58
receiveMessage@resource://devtools/shared/transport/child-transport.js:66:16
Line: 680, column: 0
console.error: ({})
JavaScript error: resource://devtools/shared/DevToolsUtils.js, line 680: NS_ERROR_NOT_AVAILABLE: Failed to open input source 'javascript:__doPostBack('ctl00$MainContent$ButtonLookupEvent','')'
SourceActor threw an exception: [Exception... "Failed to open input source 'javascript:__doPostBack('ctl00$MainContent$ButtonLookupEvent','')'"  nsresult: "0x80040111 (NS_ERROR_NOT_AVAILABLE)"  location: "JS frame :: resource://devtools/shared/DevToolsUtils.js :: mainThreadFetch/< :: line 680"  data: yes]
Stack: mainThreadFetch/<@resource://devtools/shared/DevToolsUtils.js:680:15
mainThreadFetch@resource://devtools/shared/DevToolsUtils.js:530:10
_fetchURLContents@resource://devtools/server/actors/utils/TabSources.js:581:22
urlContents@resource://devtools/server/actors/utils/TabSources.js:548:17
_resurrectSource@resource://devtools/server/actors/thread.js:2071:69
addAllSources@resource://devtools/server/actors/thread.js:1393:14
onSources@resource://devtools/server/actors/thread.js:1399:10
onPacket@resource://devtools/server/debugger-server-connection.js:378:58
receiveMessage@resource://devtools/shared/transport/child-transport.js:66:16
Line: 680, column: 0
console.error: ({})
JavaScript error: resource://devtools/shared/DevToolsUtils.js, line 680: NS_ERROR_NOT_AVAILABLE: Failed to open input source 'javascript:__doPostBack('ctl00$MainContent$ButtonLookupEvent','')'
[Parent 10353, Gecko_IOThread] WARNING: pipe error (77): Connection reset by peer: file /build/firefox-kECWsf/firefox-71.0+build5/ipc/chromium/src/chrome/common/ipc_channel_posix.cc, line 358
1577740723676	Marionette	INFO	Stopped listening on port 35493
1577740753006	Marionette	INFO	Stopped listening on port 44747
1577740790097	mozrunner::runner	INFO	Running command: "/usr/bin/firefox" "-marionette" "-foreground" "-no-remote" "-profile" "/tmp/rust_mozprofilee7YVfO"
1577740790493	addons.webextension.screenshots@mozilla.org	WARN	Loading extension 'screenshots@mozilla.org': Reading manifest: Invalid extension permission: mozillaAddons
1577740790493	addons.webextension.screenshots@mozilla.org	WARN	Loading extension 'screenshots@mozilla.org': Reading manifest: Invalid extension permission: telemetry
1577740790493	addons.webextension.screenshots@mozilla.org	WARN	Loading extension 'screenshots@mozilla.org': Reading manifest: Invalid extension permission: resource://pdf.js/
1577740790493	addons.webextension.screenshots@mozilla.org	WARN	Loading extension 'screenshots@mozilla.org': Reading manifest: Invalid extension permission: about:reader*
1577740792275	Marionette	INFO	Listening on port 36705
1577740792346	Marionette	WARN	TLS certificate errors will be ignored for this session
1577740806366	Marionette	INFO	Stopped listening on port 36705
1577740856341	mozrunner::runner	INFO	Running command: "/usr/bin/firefox" "-marionette" "-foreground" "-no-remote" "-profile" "/tmp/rust_mozprofileemR4VL"
1577740856706	addons.webextension.screenshots@mozilla.org	WARN	Loading extension 'screenshots@mozilla.org': Reading manifest: Invalid extension permission: mozillaAddons
1577740856706	addons.webextension.screenshots@mozilla.org	WARN	Loading extension 'screenshots@mozilla.org': Reading manifest: Invalid extension permission: telemetry
1577740856706	addons.webextension.screenshots@mozilla.org	WARN	Loading extension 'screenshots@mozilla.org': Reading manifest: Invalid extension permission: resource://pdf.js/
1577740856706	addons.webextension.screenshots@mozilla.org	WARN	Loading extension 'screenshots@mozilla.org': Reading manifest: Invalid extension permission: about:reader*
1577740858692	Marionette	INFO	Listening on port 36495
1577740858762	Marionette	WARN	TLS certificate errors will be ignored for this session
1577740870038	Marionette	INFO	Stopped listening on port 36495
1577740894211	mozrunner::runner	INFO	Running command: "/usr/bin/firefox" "-marionette" "-foreground" "-no-remote" "-profile" "/tmp/rust_mozprofileQ8yX05"
1577740894666	addons.webextension.screenshots@mozilla.org	WARN	Loading extension 'screenshots@mozilla.org': Reading manifest: Invalid extension permission: mozillaAddons
1577740894666	addons.webextension.screenshots@mozilla.org	WARN	Loading extension 'screenshots@mozilla.org': Reading manifest: Invalid extension permission: telemetry
1577740894666	addons.webextension.screenshots@mozilla.org	WARN	Loading extension 'screenshots@mozilla.org': Reading manifest: Invalid extension permission: resource://pdf.js/
1577740894666	addons.webextension.screenshots@mozilla.org	WARN	Loading extension 'screenshots@mozilla.org': Reading manifest: Invalid extension permission: about:reader*
1577740896830	Marionette	INFO	Listening on port 40103
1577740896918	Marionette	WARN	TLS certificate errors will be ignored for this session

###!!! [Child][RunMessage] Error: Channel closing: too late to send/recv, messages will be lost


###!!! [Child][RunMessage] Error: Channel closing: too late to send/recv, messages will be lost


###!!! [Child][RunMessage] Error: Channel closing: too late to send/recv, messages will be lost


###!!! [Child][RunMessage] Error: Channel closing: too late to send/recv, messages will be lost


###!!! [Child][RunMessage] Error: Channel closing: too late to send/recv, messages will be lost


###!!! [Child][RunMessage] Error: Channel closing: too late to send/recv, messages will be lost

1577740909727	Marionette	INFO	Stopped listening on port 40103
1577740913468	mozrunner::runner	INFO	Running command: "/usr/bin/firefox" "-marionette" "-foreground" "-no-remote" "-profile" "/tmp/rust_mozprofileN7mVbj"
1577740913838	addons.webextension.screenshots@mozilla.org	WARN	Loading extension 'screenshots@mozilla.org': Reading manifest: Invalid extension permission: mozillaAddons
1577740913838	addons.webextension.screenshots@mozilla.org	WARN	Loading extension 'screenshots@mozilla.org': Reading manifest: Invalid extension permission: telemetry
1577740913838	addons.webextension.screenshots@mozilla.org	WARN	Loading extension 'screenshots@mozilla.org': Reading manifest: Invalid extension permission: resource://pdf.js/
1577740913838	addons.webextension.screenshots@mozilla.org	WARN	Loading extension 'screenshots@mozilla.org': Reading manifest: Invalid extension permission: about:reader*
1577740915848	Marionette	INFO	Listening on port 46195
1577740915896	Marionette	WARN	TLS certificate errors will be ignored for this session
1577740947250	Marionette	INFO	Stopped listening on port 46195
IPDL protocol error: Handler returned error code!

###!!! [Parent][DispatchAsyncMessage] Error: PLayerTransaction::Msg_ReleaseLayer Processing error: message was deserialized, but the handler returned false (indicating failure)

IPDL protocol error: Handler returned error code!

###!!! [Parent][DispatchAsyncMessage] Error: PLayerTransaction::Msg_ReleaseLayer Processing error: message was deserialized, but the handler returned false (indicating failure)

IPDL protocol error: Handler returned error code!

###!!! [Parent][DispatchAsyncMessage] Error: PLayerTransaction::Msg_ReleaseLayer Processing error: message was deserialized, but the handler returned false (indicating failure)

IPDL protocol error: Handler returned error code!

###!!! [Parent][DispatchAsyncMessage] Error: PLayerTransaction::Msg_ReleaseLayer Processing error: message was deserialized, but the handler returned false (indicating failure)

1579045648638	mozrunner::runner	INFO	Running command: "/usr/bin/firefox" "-marionette" "-foreground" "-no-remote" "-profile" "/tmp/rust_mozprofileooRHQw"
Gtk-Message: 18:47:28.700: Failed to load module "appmenu-gtk-module"
1579045649239	addons.webextension.screenshots@mozilla.org	WARN	Loading extension 'screenshots@mozilla.org': Reading manifest: Invalid extension permission: mozillaAddons
1579045649239	addons.webextension.screenshots@mozilla.org	WARN	Loading extension 'screenshots@mozilla.org': Reading manifest: Invalid extension permission: telemetry
1579045649240	addons.webextension.screenshots@mozilla.org	WARN	Loading extension 'screenshots@mozilla.org': Reading manifest: Invalid extension permission: resource://pdf.js/
1579045649240	addons.webextension.screenshots@mozilla.org	WARN	Loading extension 'screenshots@mozilla.org': Reading manifest: Invalid extension permission: about:reader*
Gtk-Message: 18:47:30.089: Failed to load module "appmenu-gtk-module"
Gtk-Message: 18:47:30.240: Failed to load module "appmenu-gtk-module"
Gtk-Message: 18:47:31.254: Failed to load module "appmenu-gtk-module"
1579045651282	Marionette	INFO	Listening on port 42179
1579045651364	Marionette	WARN	TLS certificate errors will be ignored for this session
1579045654898	Marionette	INFO	Stopped listening on port 42179
1579045670936	mozrunner::runner	INFO	Running command: "/usr/bin/firefox" "-marionette" "-foreground" "-no-remote" "-profile" "/tmp/rust_mozprofilewgrF0l"
Gtk-Message: 18:47:50.995: Failed to load module "appmenu-gtk-module"
1579045671462	addons.webextension.screenshots@mozilla.org	WARN	Loading extension 'screenshots@mozilla.org': Reading manifest: Invalid extension permission: mozillaAddons
1579045671462	addons.webextension.screenshots@mozilla.org	WARN	Loading extension 'screenshots@mozilla.org': Reading manifest: Invalid extension permission: telemetry
1579045671462	addons.webextension.screenshots@mozilla.org	WARN	Loading extension 'screenshots@mozilla.org': Reading manifest: Invalid extension permission: resource://pdf.js/
1579045671462	addons.webextension.screenshots@mozilla.org	WARN	Loading extension 'screenshots@mozilla.org': Reading manifest: Invalid extension permission: about:reader*
Gtk-Message: 18:47:52.241: Failed to load module "appmenu-gtk-module"
Gtk-Message: 18:47:52.377: Failed to load module "appmenu-gtk-module"
Gtk-Message: 18:47:53.371: Failed to load module "appmenu-gtk-module"
1579045673390	Marionette	INFO	Listening on port 43517
1579045673474	Marionette	WARN	TLS certificate errors will be ignored for this session
1579045683277	Marionette	INFO	Stopped listening on port 43517
1579532161364	mozrunner::runner	INFO	Running command: "/usr/bin/firefox" "-marionette" "-foreground" "-no-remote" "-profile" "/tmp/rust_mozprofile5uR0EH"
Gtk-Message: 09:56:01.437: Failed to load module "appmenu-gtk-module"
1579532161978	addons.webextension.screenshots@mozilla.org	WARN	Loading extension 'screenshots@mozilla.org': Reading manifest: Invalid extension permission: mozillaAddons
1579532161978	addons.webextension.screenshots@mozilla.org	WARN	Loading extension 'screenshots@mozilla.org': Reading manifest: Invalid extension permission: telemetry
1579532161978	addons.webextension.screenshots@mozilla.org	WARN	Loading extension 'screenshots@mozilla.org': Reading manifest: Invalid extension permission: resource://pdf.js/
1579532161978	addons.webextension.screenshots@mozilla.org	WARN	Loading extension 'screenshots@mozilla.org': Reading manifest: Invalid extension permission: about:reader*
Gtk-Message: 09:56:02.597: Failed to load module "appmenu-gtk-module"
Gtk-Message: 09:56:02.738: Failed to load module "appmenu-gtk-module"
1579532163686	Marionette	INFO	Listening on port 45311
Gtk-Message: 09:56:03.746: Failed to load module "appmenu-gtk-module"
1579532163792	Marionette	WARN	TLS certificate errors will be ignored for this session
1579532168730	Marionette	INFO	Stopped listening on port 45311
